<?xml version="1.0" encoding="UTF-8"?>
<!-- Generated by org.testng.reporters.JUnitXMLReporter -->
<testsuite ignored="0" hostname="LTIN513918" failures="0" tests="14" name="Default test" time="74.315" errors="0" timestamp="2024-05-05T21:29:43 IST">
  <testcase classname="Hackathon_Project.TestClass" name="bookshelf" time="4.573"/>
  <testcase classname="Hackathon_Project.TestClass" name="PopUp" time="3.201"/>
  <testcase classname="Hackathon_Project.TestClass" name="storageDropown" time="2.588"/>
  <testcase classname="Hackathon_Project.TestClass" name="OpenType" time="2.43"/>
  <testcase classname="Hackathon_Project.TestClass" name="Exclude_out_of_stock" time="2.542"/>
  <testcase classname="Hackathon_Project.TestClass" name="Details" time="2.663"/>
  <testcase classname="Hackathon_Project.TestClass" name="collections" time="6.232"/>
  <testcase classname="Hackathon_Project.TestClass" name="SubMenu" time="5.073"/>
  <testcase classname="Hackathon_Project.TestClass" name="giftcards" time="8.455"/>
  <testcase classname="Hackathon_Project.TestClass" name="birthAnniversary" time="9.555"/>
  <testcase classname="Hackathon_Project.TestClass" name="amountButton" time="2.458"/>
  <testcase classname="Hackathon_Project.TestClass" name="selectedDate" time="3.771"/>
  <testcase classname="Hackathon_Project.TestClass" name="clickNext" time="4.128"/>
  <testcase classname="Hackathon_Project.TestClass" name="form" time="5.489"/>
</testsuite> <!-- Default test -->
